<?xml version="1.0" encoding="UTF-8"?>
<!-- Generated by org.testng.reporters.JUnitXMLReporter -->
<testsuite ignored="6" hostname="DESKTOP-KC8P2PH" failures="1" tests="10" name="Test3" time="33.75" errors="0" timestamp="2022-09-20T17:15:31 IST">
  <testcase classname="com.TestCases.LoginPageTestcases" name="HeadChk" time="1.17"/>
  <testcase classname="com.TestCases.LoginPageTestcases" name="Wlcchk" time="0.087"/>
  <testcase classname="com.TestCases.LoginPageTestcases" name="txt3" time="0.098"/>
  <testcase classname="com.TestCases.LoginPageTestcases" name="ckhbox" time="0.071"/>
  <testcase classname="com.TestCases.LoginPageTestcases" name="login" time="6.279"/>
  <testcase classname="com.TestCases.DasbBoardTC1" name="ProfilenName" time="0.257"/>
  <testcase classname="com.TestCases.DasbBoardTC1" name="pagename" time="0.11"/>
  <testcase classname="com.TestCases.DasbBoardTC1" name="optionschk" time="9.42"/>
  <testcase classname="com.TestCases.ProductPageTetsCases" name="Seacrhproduct" time="5.101"/>
  <testcase classname="com.TestCases.LogoutPageClassTestCse" name="logout" time="1.215">
    <failure type="org.openqa.selenium.ElementClickInterceptedException" message="element click intercepted: Element &amp;lt;a class=&amp;quot;nav-link&amp;quot; href=&amp;quot;/logout&amp;quot;&amp;gt;...&amp;lt;/a&amp;gt; is not clickable at point (1245, 28). Other element would receive the click: &amp;lt;div id=&amp;quot;ajaxBusy&amp;quot; style=&amp;quot;display: block;&amp;quot;&amp;gt;...&amp;lt;/div&amp;gt;
  (Session info: MicrosoftEdge=105.0.1343.42)
Build info: version: &amp;apos;4.4.0&amp;apos;, revision: &amp;apos;e5c75ed026a&amp;apos;
System info: host: &amp;apos;DESKTOP-KC8P2PH&amp;apos;, ip: &amp;apos;192.168.1.5&amp;apos;, os.name: &amp;apos;Windows 10&amp;apos;, os.arch: &amp;apos;amd64&amp;apos;, os.version: &amp;apos;10.0&amp;apos;, java.version: &amp;apos;11.0.16.1&amp;apos;
Driver info: org.openqa.selenium.edge.EdgeDriver
Command: [54e60dc15f5a0768098985bf115cb674, clickElement {id=d0177b25-0c78-4230-99d1-125ce54374f3}]
Capabilities {acceptInsecureCerts: false, browserName: msedge, browserVersion: 105.0.1343.42, ms:edgeOptions: {debuggerAddress: localhost:56224}, msedge: {msedgedriverVersion: 105.0.1343.42 (a7d028ad8493..., userDataDir: C:\Users\Sai\AppData\Local\...}, networkConnectionEnabled: false, pageLoadStrategy: normal, platformName: WINDOWS, proxy: Proxy(), se:cdp: ws://localhost:56224/devtoo..., se:cdpVersion: 105.0.1343.42, setWindowRect: true, strictFileInteractability: false, timeouts: {implicit: 0, pageLoad: 300000, script: 30000}, unhandledPromptBehavior: dismiss and notify, webauthn:extension:credBlob: true, webauthn:extension:largeBlob: true, webauthn:virtualAuthenticators: true}
Element: [[EdgeDriver: msedge on WINDOWS (54e60dc15f5a0768098985bf115cb674)] -&amp;gt; xpath: //a[text()=&amp;apos;Logout&amp;apos;]]
Session ID: 54e60dc15f5a0768098985bf115cb674">
      <![CDATA[org.openqa.selenium.ElementClickInterceptedException: element click intercepted: Element <a class="nav-link" href="/logout">...</a> is not clickable at point (1245, 28). Other element would receive the click: <div id="ajaxBusy" style="display: block;">...</div>
  (Session info: MicrosoftEdge=105.0.1343.42)
Build info: version: '4.4.0', revision: 'e5c75ed026a'
System info: host: 'DESKTOP-KC8P2PH', ip: '192.168.1.5', os.name: 'Windows 10', os.arch: 'amd64', os.version: '10.0', java.version: '11.0.16.1'
Driver info: org.openqa.selenium.edge.EdgeDriver
Command: [54e60dc15f5a0768098985bf115cb674, clickElement {id=d0177b25-0c78-4230-99d1-125ce54374f3}]
Capabilities {acceptInsecureCerts: false, browserName: msedge, browserVersion: 105.0.1343.42, ms:edgeOptions: {debuggerAddress: localhost:56224}, msedge: {msedgedriverVersion: 105.0.1343.42 (a7d028ad8493..., userDataDir: C:\Users\Sai\AppData\Local\...}, networkConnectionEnabled: false, pageLoadStrategy: normal, platformName: WINDOWS, proxy: Proxy(), se:cdp: ws://localhost:56224/devtoo..., se:cdpVersion: 105.0.1343.42, setWindowRect: true, strictFileInteractability: false, timeouts: {implicit: 0, pageLoad: 300000, script: 30000}, unhandledPromptBehavior: dismiss and notify, webauthn:extension:credBlob: true, webauthn:extension:largeBlob: true, webauthn:virtualAuthenticators: true}
Element: [[EdgeDriver: msedge on WINDOWS (54e60dc15f5a0768098985bf115cb674)] -> xpath: //a[text()='Logout']]
Session ID: 54e60dc15f5a0768098985bf115cb674
at org.openqa.selenium.remote.codec.w3c.W3CHttpResponseCodec.createException(W3CHttpResponseCodec.java:200)
at org.openqa.selenium.remote.codec.w3c.W3CHttpResponseCodec.decode(W3CHttpResponseCodec.java:133)
at org.openqa.selenium.remote.codec.w3c.W3CHttpResponseCodec.decode(W3CHttpResponseCodec.java:53)
at org.openqa.selenium.remote.HttpCommandExecutor.execute(HttpCommandExecutor.java:184)
at org.openqa.selenium.remote.service.DriverCommandExecutor.invokeExecute(DriverCommandExecutor.java:167)
at org.openqa.selenium.remote.service.DriverCommandExecutor.execute(DriverCommandExecutor.java:142)
at org.openqa.selenium.remote.RemoteWebDriver.execute(RemoteWebDriver.java:547)
at org.openqa.selenium.remote.RemoteWebElement.execute(RemoteWebElement.java:257)
at org.openqa.selenium.remote.RemoteWebElement.click(RemoteWebElement.java:78)
at org.openqa.selenium.support.pagefactory.internal.LocatingElementHandler.invoke(LocatingElementHandler.java:52)
at com.sun.proxy.$Proxy20.click(Unknown Source)
at com.ObjRepo.LogoutPageClasss.Logoutclk(LogoutPageClasss.java:19)
at com.TestCases.LogoutPageClassTestCse.logout(LogoutPageClassTestCse.java:14)
at java.base/java.util.ArrayList.forEach(ArrayList.java:1541)
... Removed 34 stack frames]]>
    </failure>
  </testcase> <!-- logout -->
  <testcase classname="com.BaseClass.EcomBase" name="@BeforeTest browserstart" time="0.0">
    <ignored/>
  </testcase> <!-- @BeforeTest browserstart -->
  <testcase classname="com.BaseClass.EcomBase" name="@AfterTest browserClaose" time="0.0">
    <ignored/>
  </testcase> <!-- @AfterTest browserClaose -->
  <testcase classname="com.BaseClass.EcomBase" name="@AfterTest browserClaose" time="0.0">
    <ignored/>
  </testcase> <!-- @AfterTest browserClaose -->
  <testcase classname="com.BaseClass.EcomBase" name="@BeforeTest browserstart" time="0.0">
    <ignored/>
  </testcase> <!-- @BeforeTest browserstart -->
  <testcase classname="com.BaseClass.EcomBase" name="@BeforeTest browserstart" time="0.0">
    <ignored/>
  </testcase> <!-- @BeforeTest browserstart -->
  <testcase classname="com.BaseClass.EcomBase" name="@AfterTest browserClaose" time="0.0">
    <ignored/>
  </testcase> <!-- @AfterTest browserClaose -->
</testsuite> <!-- Test3 -->
