<?xml version="1.0" encoding="UTF-8"?>
<!-- Generated by org.testng.reporters.JUnitXMLReporter -->
<testsuite ignored="6" hostname="DESKTOP-KC8P2PH" failures="2" tests="10" name="Test" time="83.387" errors="0" timestamp="2022-09-20T16:04:23 IST">
  <testcase classname="com.TestCases.LoginPageTestcases" name="HeadChk" time="4.406"/>
  <testcase classname="com.TestCases.LoginPageTestcases" name="Wlcchk" time="0.068"/>
  <testcase classname="com.TestCases.LoginPageTestcases" name="txt3" time="0.059"/>
  <testcase classname="com.TestCases.LoginPageTestcases" name="ckhbox" time="0.105"/>
  <testcase classname="com.TestCases.LoginPageTestcases" name="login" time="6.008"/>
  <testcase classname="com.TestCases.DasbBoardTC1" name="ProfilenName" time="0.143"/>
  <testcase classname="com.TestCases.DasbBoardTC1" name="pagename" time="0.069"/>
  <testcase classname="com.TestCases.DasbBoardTC1" name="optionschk" time="30.155">
    <failure type="org.openqa.selenium.ElementNotInteractableException" message="element not interactable
  (Session info: headless chrome=105.0.5195.127)
Build info: version: &amp;apos;4.4.0&amp;apos;, revision: &amp;apos;e5c75ed026a&amp;apos;
System info: host: &amp;apos;DESKTOP-KC8P2PH&amp;apos;, ip: &amp;apos;192.168.1.5&amp;apos;, os.name: &amp;apos;Windows 10&amp;apos;, os.arch: &amp;apos;amd64&amp;apos;, os.version: &amp;apos;10.0&amp;apos;, java.version: &amp;apos;11.0.16.1&amp;apos;
Driver info: org.openqa.selenium.chrome.ChromeDriver
Command: [f4056003c610f8cf411622b32cc6ffbd, clickElement {id=9cdb8502-b1cf-4bc3-80ba-854fade62c4e}]
Capabilities {acceptInsecureCerts: false, browserName: chrome, browserVersion: 105.0.5195.127, chrome: {chromedriverVersion: 105.0.5195.52 (412c95e51883..., userDataDir: C:\Users\Sai\AppData\Local\...}, goog:chromeOptions: {debuggerAddress: localhost:51970}, networkConnectionEnabled: false, pageLoadStrategy: normal, platformName: WINDOWS, proxy: Proxy(), se:cdp: ws://localhost:51970/devtoo..., se:cdpVersion: 105.0.5195.127, setWindowRect: true, strictFileInteractability: false, timeouts: {implicit: 0, pageLoad: 300000, script: 30000}, unhandledPromptBehavior: dismiss and notify, webauthn:extension:credBlob: true, webauthn:extension:largeBlob: true, webauthn:virtualAuthenticators: true}
Element: [[ChromeDriver: chrome on WINDOWS (f4056003c610f8cf411622b32cc6ffbd)] -&amp;gt; xpath: //i[@class=&amp;apos;nav-icon fas fa-book&amp;apos;]/..//p]
Session ID: f4056003c610f8cf411622b32cc6ffbd">
      <![CDATA[org.openqa.selenium.ElementNotInteractableException: element not interactable
  (Session info: headless chrome=105.0.5195.127)
Build info: version: '4.4.0', revision: 'e5c75ed026a'
System info: host: 'DESKTOP-KC8P2PH', ip: '192.168.1.5', os.name: 'Windows 10', os.arch: 'amd64', os.version: '10.0', java.version: '11.0.16.1'
Driver info: org.openqa.selenium.chrome.ChromeDriver
Command: [f4056003c610f8cf411622b32cc6ffbd, clickElement {id=9cdb8502-b1cf-4bc3-80ba-854fade62c4e}]
Capabilities {acceptInsecureCerts: false, browserName: chrome, browserVersion: 105.0.5195.127, chrome: {chromedriverVersion: 105.0.5195.52 (412c95e51883..., userDataDir: C:\Users\Sai\AppData\Local\...}, goog:chromeOptions: {debuggerAddress: localhost:51970}, networkConnectionEnabled: false, pageLoadStrategy: normal, platformName: WINDOWS, proxy: Proxy(), se:cdp: ws://localhost:51970/devtoo..., se:cdpVersion: 105.0.5195.127, setWindowRect: true, strictFileInteractability: false, timeouts: {implicit: 0, pageLoad: 300000, script: 30000}, unhandledPromptBehavior: dismiss and notify, webauthn:extension:credBlob: true, webauthn:extension:largeBlob: true, webauthn:virtualAuthenticators: true}
Element: [[ChromeDriver: chrome on WINDOWS (f4056003c610f8cf411622b32cc6ffbd)] -> xpath: //i[@class='nav-icon fas fa-book']/..//p]
Session ID: f4056003c610f8cf411622b32cc6ffbd
at org.openqa.selenium.remote.codec.w3c.W3CHttpResponseCodec.createException(W3CHttpResponseCodec.java:200)
at org.openqa.selenium.remote.codec.w3c.W3CHttpResponseCodec.decode(W3CHttpResponseCodec.java:133)
at org.openqa.selenium.remote.codec.w3c.W3CHttpResponseCodec.decode(W3CHttpResponseCodec.java:53)
at org.openqa.selenium.remote.HttpCommandExecutor.execute(HttpCommandExecutor.java:184)
at org.openqa.selenium.remote.service.DriverCommandExecutor.invokeExecute(DriverCommandExecutor.java:167)
at org.openqa.selenium.remote.service.DriverCommandExecutor.execute(DriverCommandExecutor.java:142)
at org.openqa.selenium.remote.RemoteWebDriver.execute(RemoteWebDriver.java:547)
at org.openqa.selenium.remote.RemoteWebElement.execute(RemoteWebElement.java:257)
at org.openqa.selenium.remote.RemoteWebElement.click(RemoteWebElement.java:78)
at org.openqa.selenium.support.pagefactory.internal.LocatingElementHandler.invoke(LocatingElementHandler.java:52)
at com.sun.proxy.$Proxy20.click(Unknown Source)
at com.ObjRepo.HomePageClass.Catlog(HomePageClass.java:35)
at com.TestCases.DasbBoardTC1.optionschk(DasbBoardTC1.java:38)
at java.base/java.util.ArrayList.forEach(ArrayList.java:1541)
... Removed 35 stack frames]]>
    </failure>
  </testcase> <!-- optionschk -->
  <testcase classname="com.TestCases.ProductPageTetsCases" name="Seacrhproduct" time="30.115">
    <failure type="org.openqa.selenium.ElementNotInteractableException" message="element not interactable
  (Session info: headless chrome=105.0.5195.127)
Build info: version: &amp;apos;4.4.0&amp;apos;, revision: &amp;apos;e5c75ed026a&amp;apos;
System info: host: &amp;apos;DESKTOP-KC8P2PH&amp;apos;, ip: &amp;apos;192.168.1.5&amp;apos;, os.name: &amp;apos;Windows 10&amp;apos;, os.arch: &amp;apos;amd64&amp;apos;, os.version: &amp;apos;10.0&amp;apos;, java.version: &amp;apos;11.0.16.1&amp;apos;
Driver info: org.openqa.selenium.chrome.ChromeDriver
Command: [f4056003c610f8cf411622b32cc6ffbd, clickElement {id=9cdb8502-b1cf-4bc3-80ba-854fade62c4e}]
Capabilities {acceptInsecureCerts: false, browserName: chrome, browserVersion: 105.0.5195.127, chrome: {chromedriverVersion: 105.0.5195.52 (412c95e51883..., userDataDir: C:\Users\Sai\AppData\Local\...}, goog:chromeOptions: {debuggerAddress: localhost:51970}, networkConnectionEnabled: false, pageLoadStrategy: normal, platformName: WINDOWS, proxy: Proxy(), se:cdp: ws://localhost:51970/devtoo..., se:cdpVersion: 105.0.5195.127, setWindowRect: true, strictFileInteractability: false, timeouts: {implicit: 0, pageLoad: 300000, script: 30000}, unhandledPromptBehavior: dismiss and notify, webauthn:extension:credBlob: true, webauthn:extension:largeBlob: true, webauthn:virtualAuthenticators: true}
Element: [[ChromeDriver: chrome on WINDOWS (f4056003c610f8cf411622b32cc6ffbd)] -&amp;gt; xpath: //i[@class=&amp;apos;nav-icon fas fa-book&amp;apos;]/..//p]
Session ID: f4056003c610f8cf411622b32cc6ffbd">
      <![CDATA[org.openqa.selenium.ElementNotInteractableException: element not interactable
  (Session info: headless chrome=105.0.5195.127)
Build info: version: '4.4.0', revision: 'e5c75ed026a'
System info: host: 'DESKTOP-KC8P2PH', ip: '192.168.1.5', os.name: 'Windows 10', os.arch: 'amd64', os.version: '10.0', java.version: '11.0.16.1'
Driver info: org.openqa.selenium.chrome.ChromeDriver
Command: [f4056003c610f8cf411622b32cc6ffbd, clickElement {id=9cdb8502-b1cf-4bc3-80ba-854fade62c4e}]
Capabilities {acceptInsecureCerts: false, browserName: chrome, browserVersion: 105.0.5195.127, chrome: {chromedriverVersion: 105.0.5195.52 (412c95e51883..., userDataDir: C:\Users\Sai\AppData\Local\...}, goog:chromeOptions: {debuggerAddress: localhost:51970}, networkConnectionEnabled: false, pageLoadStrategy: normal, platformName: WINDOWS, proxy: Proxy(), se:cdp: ws://localhost:51970/devtoo..., se:cdpVersion: 105.0.5195.127, setWindowRect: true, strictFileInteractability: false, timeouts: {implicit: 0, pageLoad: 300000, script: 30000}, unhandledPromptBehavior: dismiss and notify, webauthn:extension:credBlob: true, webauthn:extension:largeBlob: true, webauthn:virtualAuthenticators: true}
Element: [[ChromeDriver: chrome on WINDOWS (f4056003c610f8cf411622b32cc6ffbd)] -> xpath: //i[@class='nav-icon fas fa-book']/..//p]
Session ID: f4056003c610f8cf411622b32cc6ffbd
at org.openqa.selenium.remote.codec.w3c.W3CHttpResponseCodec.createException(W3CHttpResponseCodec.java:200)
at org.openqa.selenium.remote.codec.w3c.W3CHttpResponseCodec.decode(W3CHttpResponseCodec.java:133)
at org.openqa.selenium.remote.codec.w3c.W3CHttpResponseCodec.decode(W3CHttpResponseCodec.java:53)
at org.openqa.selenium.remote.HttpCommandExecutor.execute(HttpCommandExecutor.java:184)
at org.openqa.selenium.remote.service.DriverCommandExecutor.invokeExecute(DriverCommandExecutor.java:167)
at org.openqa.selenium.remote.service.DriverCommandExecutor.execute(DriverCommandExecutor.java:142)
at org.openqa.selenium.remote.RemoteWebDriver.execute(RemoteWebDriver.java:547)
at org.openqa.selenium.remote.RemoteWebElement.execute(RemoteWebElement.java:257)
at org.openqa.selenium.remote.RemoteWebElement.click(RemoteWebElement.java:78)
at org.openqa.selenium.support.pagefactory.internal.LocatingElementHandler.invoke(LocatingElementHandler.java:52)
at com.sun.proxy.$Proxy20.click(Unknown Source)
at com.ObjRepo.productsPageClass.Catlog(productsPageClass.java:20)
at com.TestCases.ProductPageTetsCases.Seacrhproduct(ProductPageTetsCases.java:14)
at java.base/java.util.ArrayList.forEach(ArrayList.java:1541)
... Removed 35 stack frames]]>
    </failure>
  </testcase> <!-- Seacrhproduct -->
  <testcase classname="com.TestCases.LogoutPageClassTestCse" name="logout" time="1.635"/>
  <testcase classname="com.BaseClass.EcomBase" name="@AfterTest browserClaose" time="0.0">
    <ignored/>
  </testcase> <!-- @AfterTest browserClaose -->
  <testcase classname="com.BaseClass.EcomBase" name="@AfterTest browserClaose" time="0.0">
    <ignored/>
  </testcase> <!-- @AfterTest browserClaose -->
  <testcase classname="com.BaseClass.EcomBase" name="@BeforeTest browserstart" time="0.0">
    <ignored/>
  </testcase> <!-- @BeforeTest browserstart -->
  <testcase classname="com.BaseClass.EcomBase" name="@BeforeTest browserstart" time="0.0">
    <ignored/>
  </testcase> <!-- @BeforeTest browserstart -->
  <testcase classname="com.BaseClass.EcomBase" name="@AfterTest browserClaose" time="0.0">
    <ignored/>
  </testcase> <!-- @AfterTest browserClaose -->
  <testcase classname="com.BaseClass.EcomBase" name="@BeforeTest browserstart" time="0.0">
    <ignored/>
  </testcase> <!-- @BeforeTest browserstart -->
</testsuite> <!-- Test -->
